# JRE version: Java(TM) SE Runtime Environment (8.0_211-b12) (build 1.8.0_211-b12)
# Java VM: Java HotSpot(TM) 64-Bit Server VM (25.211-b12 mixed mode windows-amd64 compressed oops)
Heap:
 PSYoungGen      total 180736K, used 119055K [0x00000000e0900000, 0x00000000f0900000, 0x0000000100000000)
  eden space 167936K, 63% used [0x00000000e0900000,0x00000000e70cb090,0x00000000ead00000)
  from space 12800K, 99% used [0x00000000ead00000,0x00000000eb978d20,0x00000000eb980000)
  to   space 16896K, 0% used [0x00000000ef880000,0x00000000ef880000,0x00000000f0900000)
 ParOldGen       total 62976K, used 23094K [0x00000000a1a00000, 0x00000000a5780000, 0x00000000e0900000)
  object space 62976K, 36% used [0x00000000a1a00000,0x00000000a308da50,0x00000000a5780000)
 Metaspace       used 55539K, capacity 58418K, committed 58496K, reserved 1099776K
  class space    used 7804K, capacity 8316K, committed 8320K, reserved 1048576K
GC Heap History (10 events):
Event: 1.384 GC heap before
{Heap before GC invocations=7 (full 1):
 PSYoungGen      total 106496K, used 4408K [0x00000000e0900000, 0x00000000e7900000, 0x0000000100000000)
  eden space 98304K, 0% used [0x00000000e0900000,0x00000000e0900000,0x00000000e6900000)
  from space 8192K, 53% used [0x00000000e7100000,0x00000000e754e1e8,0x00000000e7900000)
  to   space 8192K, 0% used [0x00000000e6900000,0x00000000e6900000,0x00000000e7100000)
 ParOldGen       total 65536K, used 8863K [0x00000000a1a00000, 0x00000000a5a00000, 0x00000000e0900000)
  object space 65536K, 13% used [0x00000000a1a00000,0x00000000a22a7f40,0x00000000a5a00000)
 Metaspace       used 20467K, capacity 21152K, committed 21296K, reserved 1067008K
  class space    used 2769K, capacity 2971K, committed 3072K, reserved 1048576K
Event: 1.413 GC heap after
Heap after GC invocations=7 (full 1):
 PSYoungGen      total 106496K, used 0K [0x00000000e0900000, 0x00000000e7900000, 0x0000000100000000)
  eden space 98304K, 0% used [0x00000000e0900000,0x00000000e0900000,0x00000000e6900000)
  from space 8192K, 0% used [0x00000000e7100000,0x00000000e7100000,0x00000000e7900000)
  to   space 8192K, 0% used [0x00000000e6900000,0x00000000e6900000,0x00000000e7100000)
 ParOldGen       total 39936K, used 5571K [0x00000000a1a00000, 0x00000000a4100000, 0x00000000e0900000)
  object space 39936K, 13% used [0x00000000a1a00000,0x00000000a1f70d70,0x00000000a4100000)
 Metaspace       used 20466K, capacity 21146K, committed 21296K, reserved 1067008K
  class space    used 2769K, capacity 2970K, committed 3072K, reserved 1048576K
}
Event: 2.226 GC heap before
{Heap before GC invocations=8 (full 1):
 PSYoungGen      total 106496K, used 98282K [0x00000000e0900000, 0x00000000e7900000, 0x0000000100000000)
  eden space 98304K, 99% used [0x00000000e0900000,0x00000000e68fa830,0x00000000e6900000)
  from space 8192K, 0% used [0x00000000e7100000,0x00000000e7100000,0x00000000e7900000)
  to   space 8192K, 0% used [0x00000000e6900000,0x00000000e6900000,0x00000000e7100000)
 ParOldGen       total 39936K, used 5571K [0x00000000a1a00000, 0x00000000a4100000, 0x00000000e0900000)
  object space 39936K, 13% used [0x00000000a1a00000,0x00000000a1f70d70,0x00000000a4100000)
 Metaspace       used 27135K, capacity 28684K, committed 28928K, reserved 1075200K
  class space    used 3744K, capacity 4041K, committed 4096K, reserved 1048576K
Event: 2.236 GC heap after
Heap after GC invocations=8 (full 1):
 PSYoungGen      total 106496K, used 8175K [0x00000000e0900000, 0x00000000ec600000, 0x0000000100000000)
  eden space 98304K, 0% used [0x00000000e0900000,0x00000000e0900000,0x00000000e6900000)
  from space 8192K, 99% used [0x00000000e6900000,0x00000000e70fbe28,0x00000000e7100000)
  to   space 10752K, 0% used [0x00000000ebb80000,0x00000000ebb80000,0x00000000ec600000)
 ParOldGen       total 39936K, used 8687K [0x00000000a1a00000, 0x00000000a4100000, 0x00000000e0900000)
  object space 39936K, 21% used [0x00000000a1a00000,0x00000000a227be68,0x00000000a4100000)
 Metaspace       used 27135K, capacity 28684K, committed 28928K, reserved 1075200K
  class space    used 3744K, capacity 4041K, committed 4096K, reserved 1048576K
}
Event: 2.867 GC heap before
{Heap before GC invocations=9 (full 1):
 PSYoungGen      total 106496K, used 78001K [0x00000000e0900000, 0x00000000ec600000, 0x0000000100000000)
  eden space 98304K, 71% used [0x00000000e0900000,0x00000000e4d30630,0x00000000e6900000)
  from space 8192K, 99% used [0x00000000e6900000,0x00000000e70fbe28,0x00000000e7100000)
  to   space 10752K, 0% used [0x00000000ebb80000,0x00000000ebb80000,0x00000000ec600000)
 ParOldGen       total 39936K, used 8687K [0x00000000a1a00000, 0x00000000a4100000, 0x00000000e0900000)
  object space 39936K, 21% used [0x00000000a1a00000,0x00000000a227be68,0x00000000a4100000)
 Metaspace       used 33669K, capacity 35396K, committed 35496K, reserved 1079296K
  class space    used 4467K, capacity 4799K, committed 4864K, reserved 1048576K
Event: 2.879 GC heap after
Heap after GC invocations=9 (full 1):
 PSYoungGen      total 178688K, used 10751K [0x00000000e0900000, 0x00000000ec600000, 0x0000000100000000)
  eden space 167936K, 0% used [0x00000000e0900000,0x00000000e0900000,0x00000000ead00000)
  from space 10752K, 99% used [0x00000000ebb80000,0x00000000ec5fff70,0x00000000ec600000)
  to   space 12800K, 0% used [0x00000000ead00000,0x00000000ead00000,0x00000000eb980000)
 ParOldGen       total 39936K, used 10711K [0x00000000a1a00000, 0x00000000a4100000, 0x00000000e0900000)
  object space 39936K, 26% used [0x00000000a1a00000,0x00000000a2475df8,0x00000000a4100000)
 Metaspace       used 33669K, capacity 35396K, committed 35496K, reserved 1079296K
  class space    used 4467K, capacity 4799K, committed 4864K, reserved 1048576K
}
Event: 2.879 GC heap before
{Heap before GC invocations=10 (full 2):
 PSYoungGen      total 178688K, used 10751K [0x00000000e0900000, 0x00000000ec600000, 0x0000000100000000)
  eden space 167936K, 0% used [0x00000000e0900000,0x00000000e0900000,0x00000000ead00000)
  from space 10752K, 99% used [0x00000000ebb80000,0x00000000ec5fff70,0x00000000ec600000)
  to   space 12800K, 0% used [0x00000000ead00000,0x00000000ead00000,0x00000000eb980000)
 ParOldGen       total 39936K, used 10711K [0x00000000a1a00000, 0x00000000a4100000, 0x00000000e0900000)
  object space 39936K, 26% used [0x00000000a1a00000,0x00000000a2475df8,0x00000000a4100000)
 Metaspace       used 33669K, capacity 35396K, committed 35496K, reserved 1079296K
  class space    used 4467K, capacity 4799K, committed 4864K, reserved 1048576K
Event: 2.932 GC heap after
Heap after GC invocations=10 (full 2):
 PSYoungGen      total 178688K, used 0K [0x00000000e0900000, 0x00000000ec600000, 0x0000000100000000)
  eden space 167936K, 0% used [0x00000000e0900000,0x00000000e0900000,0x00000000ead00000)
  from space 10752K, 0% used [0x00000000ebb80000,0x00000000ebb80000,0x00000000ec600000)
  to   space 12800K, 0% used [0x00000000ead00000,0x00000000ead00000,0x00000000eb980000)
 ParOldGen       total 62976K, used 17646K [0x00000000a1a00000, 0x00000000a5780000, 0x00000000e0900000)
  object space 62976K, 28% used [0x00000000a1a00000,0x00000000a2b3ba08,0x00000000a5780000)
 Metaspace       used 33669K, capacity 35396K, committed 35496K, reserved 1079296K
  class space    used 4467K, capacity 4799K, committed 4864K, reserved 1048576K
}
Event: 4.256 GC heap before
{Heap before GC invocations=11 (full 2):
 PSYoungGen      total 178688K, used 167936K [0x00000000e0900000, 0x00000000ec600000, 0x0000000100000000)
  eden space 167936K, 100% used [0x00000000e0900000,0x00000000ead00000,0x00000000ead00000)
  from space 10752K, 0% used [0x00000000ebb80000,0x00000000ebb80000,0x00000000ec600000)
  to   space 12800K, 0% used [0x00000000ead00000,0x00000000ead00000,0x00000000eb980000)
 ParOldGen       total 62976K, used 17646K [0x00000000a1a00000, 0x00000000a5780000, 0x00000000e0900000)
  object space 62976K, 28% used [0x00000000a1a00000,0x00000000a2b3ba08,0x00000000a5780000)
 Metaspace       used 48169K, capacity 50728K, committed 50816K, reserved 1093632K
  class space    used 6804K, capacity 7251K, committed 7296K, reserved 1048576K
Event: 4.272 GC heap after
Heap after GC invocations=11 (full 2):
 PSYoungGen      total 180736K, used 12771K [0x00000000e0900000, 0x00000000f0900000, 0x0000000100000000)
  eden space 167936K, 0% used [0x00000000e0900000,0x00000000e0900000,0x00000000ead00000)
  from space 12800K, 99% used [0x00000000ead00000,0x00000000eb978d20,0x00000000eb980000)
  to   space 16896K, 0% used [0x00000000ef880000,0x00000000ef880000,0x00000000f0900000)
 ParOldGen       total 62976K, used 23094K [0x00000000a1a00000, 0x00000000a5780000, 0x00000000e0900000)
  object space 62976K, 36% used [0x00000000a1a00000,0x00000000a308da50,0x00000000a5780000)
 Metaspace       used 48169K, capacity 50728K, committed 50816K, reserved 1093632K
  class space    used 6804K, capacity 7251K, committed 7296K, reserved 1048576K
}

